{"numFailedTestSuites":1,"numFailedTests":1,"numPassedTestSuites":0,"numPassedTests":19,"numPendingTestSuites":0,"numPendingTests":0,"numRuntimeErrorTestSuites":0,"numTodoTests":0,"numTotalTestSuites":1,"numTotalTests":20,"openHandles":[],"snapshot":{"added":0,"didUpdate":false,"failure":false,"filesAdded":0,"filesRemoved":0,"filesRemovedList":[],"filesUnmatched":0,"filesUpdated":0,"matched":0,"total":0,"unchecked":0,"uncheckedKeysByFile":[],"unmatched":0,"updated":0},"startTime":1780011556635,"success":false,"testResults":[{"assertionResults":[{"ancestorTitles":["WorkoutPage Integration"],"duration":255,"failureDetails":[],"failureMessages":[],"fullName":"WorkoutPage Integration debe renderizar la página de workout","invocations":1,"location":null,"numPassingAsserts":1,"retryReasons":[],"status":"passed","title":"debe renderizar la página de workout"},{"ancestorTitles":["WorkoutPage Integration"],"duration":146,"failureDetails":[],"failureMessages":[],"fullName":"WorkoutPage Integration debe mostrar el componente global timer","invocations":1,"location":null,"numPassingAsserts":2,"retryReasons":[],"status":"passed","title":"debe mostrar el componente global timer"},{"ancestorTitles":["WorkoutPage Integration"],"duration":1128,"failureDetails":[],"failureMessages":[],"fullName":"WorkoutPage Integration debe mostrar la tarjeta del ejercicio actual","invocations":1,"location":null,"numPassingAsserts":1,"retryReasons":[],"status":"passed","title":"debe mostrar la tarjeta del ejercicio actual"},{"ancestorTitles":["WorkoutPage Integration"],"duration":1056,"failureDetails":[],"failureMessages":[],"fullName":"WorkoutPage Integration debe mostrar los controles de serie","invocations":1,"location":null,"numPassingAsserts":2,"retryReasons":[],"status":"passed","title":"debe mostrar los controles de serie"},{"ancestorTitles":["WorkoutPage Integration"],"duration":1052,"failureDetails":[],"failureMessages":[],"fullName":"WorkoutPage Integration debe mostrar la tabla de series","invocations":1,"location":null,"numPassingAsserts":2,"retryReasons":[],"status":"passed","title":"debe mostrar la tabla de series"},{"ancestorTitles":["WorkoutPage Integration"],"duration":986,"failureDetails":[],"failureMessages":[],"fullName":"WorkoutPage Integration debe mostrar la lista de ejercicios","invocations":1,"location":null,"numPassingAsserts":2,"retryReasons":[],"status":"passed","title":"debe mostrar la lista de ejercicios"},{"ancestorTitles":["WorkoutPage Integration"],"duration":985,"failureDetails":[],"failureMessages":[],"fullName":"WorkoutPage Integration debe permitir completar una serie","invocations":1,"location":null,"numPassingAsserts":3,"retryReasons":[],"status":"passed","title":"debe permitir completar una serie"},{"ancestorTitles":["WorkoutPage Integration"],"duration":963,"failureDetails":[],"failureMessages":[],"fullName":"WorkoutPage Integration debe permitir saltar un ejercicio","invocations":1,"location":null,"numPassingAsserts":2,"retryReasons":[],"status":"passed","title":"debe permitir saltar un ejercicio"},{"ancestorTitles":["WorkoutPage Integration"],"duration":978,"failureDetails":[],"failureMessages":[],"fullName":"WorkoutPage Integration debe permitir navegar entre series","invocations":1,"location":null,"numPassingAsserts":2,"retryReasons":[],"status":"passed","title":"debe permitir navegar entre series"},{"ancestorTitles":["WorkoutPage Integration"],"duration":1057,"failureDetails":[],"failureMessages":[],"fullName":"WorkoutPage Integration debe permitir agregar una serie","invocations":1,"location":null,"numPassingAsserts":3,"retryReasons":[],"status":"passed","title":"debe permitir agregar una serie"},{"ancestorTitles":["WorkoutPage Integration"],"duration":1028,"failureDetails":[],"failureMessages":[],"fullName":"WorkoutPage Integration debe permitir aplicar descanso inteligente","invocations":1,"location":null,"numPassingAsserts":3,"retryReasons":[],"status":"passed","title":"debe permitir aplicar descanso inteligente"},{"ancestorTitles":["WorkoutPage Integration"],"duration":994,"failureDetails":[],"failureMessages":[],"fullName":"WorkoutPage Integration debe mostrar modal de notas al completar workout","invocations":1,"location":null,"numPassingAsserts":3,"retryReasons":[],"status":"passed","title":"debe mostrar modal de notas al completar workout"},{"ancestorTitles":["WorkoutPage Integration"],"duration":977,"failureDetails":[],"failureMessages":[],"fullName":"WorkoutPage Integration debe renderizar correctamente con múltiples ejercicios","invocations":1,"location":null,"numPassingAsserts":3,"retryReasons":[],"status":"passed","title":"debe renderizar correctamente con múltiples ejercicios"},{"ancestorTitles":["WorkoutPage Integration"],"duration":1063,"failureDetails":[],"failureMessages":[],"fullName":"WorkoutPage Integration debe mostrar el panel de información del ejercicio","invocations":1,"location":null,"numPassingAsserts":3,"retryReasons":[],"status":"passed","title":"debe mostrar el panel de información del ejercicio"},{"ancestorTitles":["WorkoutPage Integration"],"duration":984,"failureDetails":[],"failureMessages":[],"fullName":"WorkoutPage Integration debe manejar el flujo completo de una serie","invocations":1,"location":null,"numPassingAsserts":3,"retryReasons":[],"status":"passed","title":"debe manejar el flujo completo de una serie"},{"ancestorTitles":["WorkoutPage Integration"],"duration":1033,"failureDetails":[],"failureMessages":[],"fullName":"WorkoutPage Integration debe manejar el flujo de navegación entre ejercicios","invocations":1,"location":null,"numPassingAsserts":3,"retryReasons":[],"status":"passed","title":"debe manejar el flujo de navegación entre ejercicios"},{"ancestorTitles":["WorkoutPage Integration"],"duration":138,"failureDetails":[],"failureMessages":[],"fullName":"WorkoutPage Integration debe renderizar correctamente en modo loading","invocations":1,"location":null,"numPassingAsserts":1,"retryReasons":[],"status":"passed","title":"debe renderizar correctamente en modo loading"},{"ancestorTitles":["WorkoutPage Integration"],"duration":30,"failureDetails":[],"failureMessages":[],"fullName":"WorkoutPage Integration debe manejar errores de rutina no encontrada","invocations":1,"location":null,"numPassingAsserts":1,"retryReasons":[],"status":"passed","title":"debe manejar errores de rutina no encontrada"},{"ancestorTitles":["WorkoutPage Integration"],"duration":1061,"failureDetails":[],"failureMessages":[],"fullName":"WorkoutPage Integration debe permitir múltiples acciones en secuencia","invocations":1,"location":null,"numPassingAsserts":4,"retryReasons":[],"status":"passed","title":"debe permitir múltiples acciones en secuencia"},{"ancestorTitles":["WorkoutPage Integration"],"duration":1972,"failureDetails":[{"name":"TestingLibraryElementError"}],"failureMessages":["Error: Unable to find an element by: [data-testid=\"skip-exercise-btn\"]\n\nIgnored nodes: comments, script, style\n\u001b[36m<body\u001b[39m\n  \u001b[33mclass\u001b[39m=\u001b[32m\"hide-navbar\"\u001b[39m\n\u001b[36m>\u001b[39m\n  \u001b[36m<div>\u001b[39m\n    \u001b[36m<div\u001b[39m\n      \u001b[33mclass\u001b[39m=\u001b[32m\"fixed inset-0 flex items-center justify-center z-50\"\u001b[39m\n    \u001b[36m>\u001b[39m\n      \u001b[36m<div\u001b[39m\n        \u001b[33mclass\u001b[39m=\u001b[32m\"absolute inset-0 bg-linear-to-br from-blue-600/40 via-purple-600/30 to-indigo-700/25 backdrop-blur-md\"\u001b[39m\n      \u001b[36m/>\u001b[39m\n      \u001b[36m<div\u001b[39m\n        \u001b[33mclass\u001b[39m=\u001b[32m\"relative z-10 px-4\"\u001b[39m\n      \u001b[36m>\u001b[39m\n        \u001b[36m<div\u001b[39m\n          \u001b[33manimate\u001b[39m=\u001b[32m\"[object Object]\"\u001b[39m\n          \u001b[33mexit\u001b[39m=\u001b[32m\"[object Object]\"\u001b[39m\n          \u001b[33minitial\u001b[39m=\u001b[32m\"[object Object]\"\u001b[39m\n          \u001b[33mtransition\u001b[39m=\u001b[32m\"[object Object]\"\u001b[39m\n        \u001b[36m>\u001b[39m\n          \u001b[36m<div\u001b[39m\n            \u001b[33mdata-testid\u001b[39m=\u001b[32m\"timer\"\u001b[39m\n          \u001b[36m>\u001b[39m\n            \u001b[36m<div>\u001b[39m\n              \u001b[0m90\u001b[0m\n              \u001b[0ms\u001b[0m\n            \u001b[36m</div>\u001b[39m\n            \u001b[36m<button>\u001b[39m\n              \u001b[0mComplete\u001b[0m\n            \u001b[36m</button>\u001b[39m\n          \u001b[36m</div>\u001b[39m\n        \u001b[36m</div>\u001b[39m\n      \u001b[36m</div>\u001b[39m\n    \u001b[36m</div>\u001b[39m\n  \u001b[36m</div>\u001b[39m\n\u001b[36m</body>\u001b[39m\n    at waitForWrapper (F:\\proyectos_personales\\gym-tracker\\node_modules\\@testing-library\\dom\\dist\\wait-for.js:163:27)\n    at Object.<anonymous> (F:\\proyectos_personales\\gym-tracker\\app\\workout\\[id]\\__tests__\\page.integration.test.tsx:657:33)"],"fullName":"WorkoutPage Integration debe mantener estado consistente durante interacciones","invocations":1,"location":null,"numPassingAsserts":2,"retryReasons":[],"status":"failed","title":"debe mantener estado consistente durante interacciones"}],"endTime":1780011577376,"message":"\u001b[1m\u001b[31m  \u001b[1m● \u001b[22m\u001b[1mWorkoutPage Integration › debe mantener estado consistente durante interacciones\u001b[39m\u001b[22m\n\n    Unable to find an element by: [data-testid=\"skip-exercise-btn\"]\n\n    Ignored nodes: comments, script, style\n    \u001b[36m<body\u001b[39m\n      \u001b[33mclass\u001b[39m=\u001b[32m\"hide-navbar\"\u001b[39m\n    \u001b[36m>\u001b[39m\n      \u001b[36m<div>\u001b[39m\n        \u001b[36m<div\u001b[39m\n          \u001b[33mclass\u001b[39m=\u001b[32m\"fixed inset-0 flex items-center justify-center z-50\"\u001b[39m\n        \u001b[36m>\u001b[39m\n          \u001b[36m<div\u001b[39m\n            \u001b[33mclass\u001b[39m=\u001b[32m\"absolute inset-0 bg-linear-to-br from-blue-600/40 via-purple-600/30 to-indigo-700/25 backdrop-blur-md\"\u001b[39m\n          \u001b[36m/>\u001b[39m\n          \u001b[36m<div\u001b[39m\n            \u001b[33mclass\u001b[39m=\u001b[32m\"relative z-10 px-4\"\u001b[39m\n          \u001b[36m>\u001b[39m\n            \u001b[36m<div\u001b[39m\n              \u001b[33manimate\u001b[39m=\u001b[32m\"[object Object]\"\u001b[39m\n              \u001b[33mexit\u001b[39m=\u001b[32m\"[object Object]\"\u001b[39m\n              \u001b[33minitial\u001b[39m=\u001b[32m\"[object Object]\"\u001b[39m\n              \u001b[33mtransition\u001b[39m=\u001b[32m\"[object Object]\"\u001b[39m\n            \u001b[36m>\u001b[39m\n              \u001b[36m<div\u001b[39m\n                \u001b[33mdata-testid\u001b[39m=\u001b[32m\"timer\"\u001b[39m\n              \u001b[36m>\u001b[39m\n                \u001b[36m<div>\u001b[39m\n                  \u001b[0m90\u001b[0m\n                  \u001b[0ms\u001b[0m\n                \u001b[36m</div>\u001b[39m\n                \u001b[36m<button>\u001b[39m\n                  \u001b[0mComplete\u001b[0m\n                \u001b[36m</button>\u001b[39m\n              \u001b[36m</div>\u001b[39m\n            \u001b[36m</div>\u001b[39m\n          \u001b[36m</div>\u001b[39m\n        \u001b[36m</div>\u001b[39m\n      \u001b[36m</div>\u001b[39m\n    \u001b[36m</body>\u001b[39m\n\u001b[2m\u001b[22m\n\u001b[2m    \u001b[0m \u001b[90m 655 |\u001b[39m       \u001b[36mconst\u001b[39m cancelBtn \u001b[33m=\u001b[39m screen\u001b[33m.\u001b[39mqueryByTestId(\u001b[32m'cancel-set-btn'\u001b[39m)\u001b[22m\n\u001b[2m     \u001b[90m 656 |\u001b[39m       \u001b[36mif\u001b[39m (cancelBtn) fireEvent\u001b[33m.\u001b[39mclick(cancelBtn)\u001b[22m\n\u001b[2m    \u001b[31m\u001b[1m>\u001b[22m\u001b[2m\u001b[39m\u001b[90m 657 |\u001b[39m       skipButton \u001b[33m=\u001b[39m \u001b[36mawait\u001b[39m waitFor(() \u001b[33m=>\u001b[39m screen\u001b[33m.\u001b[39mgetByTestId(\u001b[32m'skip-exercise-btn'\u001b[39m)\u001b[33m,\u001b[39m { timeout\u001b[33m:\u001b[39m \u001b[35m1000\u001b[39m })\u001b[22m\n\u001b[2m     \u001b[90m     |\u001b[39m                                 \u001b[31m\u001b[1m^\u001b[22m\u001b[2m\u001b[39m\u001b[22m\n\u001b[2m     \u001b[90m 658 |\u001b[39m     }\u001b[22m\n\u001b[2m     \u001b[90m 659 |\u001b[39m     fireEvent\u001b[33m.\u001b[39mclick(skipButton)\u001b[22m\n\u001b[2m     \u001b[90m 660 |\u001b[39m     expect(screen\u001b[33m.\u001b[39mgetByTestId(\u001b[32m'exercise-card'\u001b[39m))\u001b[33m.\u001b[39mtoBeInTheDocument()\u001b[0m\u001b[22m\n\u001b[2m\u001b[22m\n\u001b[2m      \u001b[2mat waitForWrapper (\u001b[22m\u001b[2mnode_modules/@testing-library/dom/dist/wait-for.js\u001b[2m:163:27)\u001b[22m\u001b[2m\u001b[22m\n\u001b[2m      \u001b[2mat Object.<anonymous> (\u001b[22m\u001b[2m\u001b[0m\u001b[36mapp/workout/[id]/__tests__/page.integration.test.tsx\u001b[39m\u001b[0m\u001b[2m:657:33)\u001b[22m\u001b[2m\u001b[22m\n","name":"F:\\proyectos_personales\\gym-tracker\\app\\workout\\[id]\\__tests__\\page.integration.test.tsx","startTime":1780011557610,"status":"failed","summary":""}],"wasInterrupted":false}
